<?xml version="1.0" encoding="UTF-8"?>
<testsuite xmlns:xsi="http://www.w3.org/2001/XMLSchema-instance" xsi:noNamespaceSchemaLocation="https://maven.apache.org/surefire/maven-surefire-plugin/xsd/surefire-test-report-3.0.xsd" version="3.0" name="pl.pjatk.RentalService.RentalServiceApplicationTests" time="3.607" tests="1" errors="0" skipped="0" failures="0">
  <properties>
[...]
</properties>
  <testcase name="contextLoads" classname="pl.pjatk.RentalService.RentalServiceApplicationTests" time="1.089">
    <system-out><![CDATA[10:15:45.923 [main] INFO org.springframework.test.context.support.AnnotationConfigContextLoaderUtils -- Could not detect default configuration classes for test class [pl.pjatk.RentalService.RentalServiceApplicationTests]: RentalServiceApplicationTests does not declare any static, non-private, non-final, nested classes annotated with @Configuration.
10:15:46.096 [main] INFO org.springframework.boot.test.context.SpringBootTestContextBootstrapper -- Found @SpringBootConfiguration pl.pjatk.RentalService.RentalServiceApplication for test class pl.pjatk.RentalService.RentalServiceApplicationTests

  .   ____          _            __ _ _
 /\\ / ___'_ __ _ _(_)_ __  __ _ \ \ \ \
( ( )\___ | '_ | '_| | '_ \/ _` | \ \ \ \
 \\/  ___)| |_)| | | | | || (_| |  ) ) ) )
  '  |____| .__|_| |_|_| |_\__, | / / / /
 =========|_|==============|___/=/_/_/_/
 :: Spring Boot ::                (v3.1.0)

2023-05-27T10:15:46.632+02:00  INFO 3292 --- [           main] p.p.R.RentalServiceApplicationTests      : Starting RentalServiceApplicationTests using Java 19.0.1 with PID 3292 (started by 023da in C:\Users\023da\OneDrive\Pulpit\Dawid Nowakowski\Studia\Semestr IV\JAZ\RentalService)
2023-05-27T10:15:46.634+02:00  INFO 3292 --- [           main] p.p.R.RentalServiceApplicationTests      : No active profile set, falling back to 1 default profile: "default"
2023-05-27T10:15:48.200+02:00  INFO 3292 --- [           main] p.p.R.RentalServiceApplicationTests      : Started RentalServiceApplicationTests in 1.933 seconds (process running for 3.224)
]]></system-out>
  </testcase>
</testsuite>